[debug] [2020-08-11T05:32:34.594Z] ----------------------------------------------------------------------
[debug] [2020-08-11T05:32:34.598Z] Command:       /home/ramil/.nvm/versions/node/v8.16.0/bin/node /home/ramil/.nvm/versions/node/v8.16.0/bin/firebase open
[debug] [2020-08-11T05:32:34.598Z] CLI Version:   8.7.0
[debug] [2020-08-11T05:32:34.598Z] Platform:      linux
[debug] [2020-08-11T05:32:34.598Z] Node Version:  v8.16.0
[debug] [2020-08-11T05:32:34.598Z] Time:          Tue Aug 11 2020 11:32:34 GMT+0600 (+06)
[debug] [2020-08-11T05:32:34.599Z] ----------------------------------------------------------------------
[debug] [2020-08-11T05:32:34.599Z] 
[debug] [2020-08-11T05:32:34.606Z] > command requires scopes: ["email","openid","https://www.googleapis.com/auth/cloudplatformprojects.readonly","https://www.googleapis.com/auth/firebase","https://www.googleapis.com/auth/cloud-platform"]
[debug] [2020-08-11T05:32:34.606Z] > authorizing via signed-in user
[debug] [2020-08-11T05:32:34.608Z] [iam] checking project trackcovid19globally for permissions ["firebase.projects.get"]
[debug] [2020-08-11T05:32:34.610Z] > refreshing access token with scopes: ["email","https://www.googleapis.com/auth/cloud-platform","https://www.googleapis.com/auth/cloudplatformprojects.readonly","https://www.googleapis.com/auth/firebase","openid"]
[debug] [2020-08-11T05:32:34.611Z] >>> HTTP REQUEST POST https://www.googleapis.com/oauth2/v3/token  
 <request body omitted>
[debug] [2020-08-11T05:32:35.613Z] <<< HTTP RESPONSE 200 {"content-type":"application/json; charset=utf-8","vary":"X-Origin, Referer, Origin,Accept-Encoding","date":"Tue, 11 Aug 2020 05:32:35 GMT","server":"scaffolding on HTTPServer2","cache-control":"private","x-xss-protection":"0","x-frame-options":"SAMEORIGIN","x-content-type-options":"nosniff","alt-svc":"h3-29=\":443\"; ma=2592000,h3-27=\":443\"; ma=2592000,h3-T050=\":443\"; ma=2592000,h3-Q050=\":443\"; ma=2592000,h3-Q046=\":443\"; ma=2592000,h3-Q043=\":443\"; ma=2592000,quic=\":443\"; ma=2592000; v=\"46,43\"","accept-ranges":"none","transfer-encoding":"chunked"}
[debug] [2020-08-11T05:32:35.639Z] >>> HTTP REQUEST POST https://cloudresourcemanager.googleapis.com/v1/projects/trackcovid19globally:testIamPermissions  
 {"permissions":["firebase.projects.get"]}
[debug] [2020-08-11T05:32:39.286Z] <<< HTTP RESPONSE 200 {"content-type":"application/json; charset=UTF-8","vary":"X-Origin, Referer, Origin,Accept-Encoding","date":"Tue, 11 Aug 2020 05:32:38 GMT","server":"ESF","cache-control":"private","x-xss-protection":"0","x-frame-options":"SAMEORIGIN","x-content-type-options":"nosniff","server-timing":"gfet4t7; dur=784","alt-svc":"h3-29=\":443\"; ma=2592000,h3-27=\":443\"; ma=2592000,h3-T050=\":443\"; ma=2592000,h3-Q050=\":443\"; ma=2592000,h3-Q046=\":443\"; ma=2592000,h3-Q043=\":443\"; ma=2592000,quic=\":443\"; ma=2592000; v=\"46,43\"","accept-ranges":"none","transfer-encoding":"chunked"}
[debug] [2020-08-11T05:32:39.292Z] >>> HTTP REQUEST GET https://firebase.googleapis.com/v1beta1/projects/trackcovid19globally  
 
[debug] [2020-08-11T05:32:43.059Z] <<< HTTP RESPONSE 200 {"content-type":"application/json; charset=UTF-8","vary":"X-Origin, Referer, Origin,Accept-Encoding","date":"Tue, 11 Aug 2020 05:32:41 GMT","server":"ESF","cache-control":"private","x-xss-protection":"0","x-frame-options":"SAMEORIGIN","x-content-type-options":"nosniff","alt-svc":"h3-29=\":443\"; ma=2592000,h3-27=\":443\"; ma=2592000,h3-T050=\":443\"; ma=2592000,h3-Q050=\":443\"; ma=2592000,h3-Q046=\":443\"; ma=2592000,h3-Q043=\":443\"; ma=2592000,quic=\":443\"; ma=2592000; v=\"46,43\"","accept-ranges":"none","transfer-encoding":"chunked"}
